[2026-01-30T13:36:19.490Z] [INFO] 🚀 Gmail notification logger initialized
{
  "logFile": "C:\\Users\\Роман\\Desktop\\Next projects\\geckoland-erp\\server\\logs\\gmail-notifications.log",
  "maxSize": "5MB",
  "backupCount": 3
}
================================================================================
[2026-01-30T13:36:24.360Z] [INFO] Initializing label cache...
================================================================================
[2026-01-30T13:36:51.587Z] [INFO] 🚀 Gmail notification logger initialized
{
  "logFile": "C:\\Users\\Роман\\Desktop\\Next projects\\geckoland-erp\\server\\logs\\gmail-notifications.log",
  "maxSize": "5MB",
  "backupCount": 3
}
================================================================================
[2026-01-30T13:36:55.846Z] [INFO] Initializing label cache...
================================================================================
[2026-01-30T13:36:56.237Z] [INFO] Label cache initialized
{
  "Label_7193707306231322947": "Prom",
  "Label_1820340546923319155": "Rozetka",
  "Label_2963886321590623068": "Personal"
}
================================================================================
[2026-01-30T13:48:50.473Z] [INFO] 🚀 Gmail notification logger initialized
{
  "logFile": "C:\\Users\\Роман\\Desktop\\Next projects\\geckoland-erp\\server\\logs\\gmail-notifications.log",
  "maxSize": "5MB",
  "backupCount": 3
}
================================================================================
[2026-01-30T13:48:55.882Z] [INFO] Initializing label cache...
================================================================================
[2026-01-30T13:48:56.270Z] [INFO] Label cache initialized
{
  "Label_7193707306231322947": "Prom",
  "Label_1820340546923319155": "Rozetka",
  "Label_2963886321590623068": "Personal"
}
================================================================================
[2026-01-30T13:49:42.914Z] [INFO] 🚀 Gmail notification logger initialized
{
  "logFile": "C:\\Users\\Роман\\Desktop\\Next projects\\geckoland-erp\\server\\logs\\gmail-notifications.log",
  "maxSize": "5MB",
  "backupCount": 3
}
================================================================================
[2026-01-30T13:49:47.570Z] [INFO] Initializing label cache...
================================================================================
[2026-01-30T13:49:47.949Z] [INFO] Label cache initialized
{
  "Label_7193707306231322947": "Prom",
  "Label_1820340546923319155": "Rozetka",
  "Label_2963886321590623068": "Personal"
}
================================================================================
[2026-01-30T13:51:16.299Z] [INFO] 🚀 Gmail notification logger initialized
{
  "logFile": "C:\\Users\\Роман\\Desktop\\Next projects\\geckoland-erp\\server\\logs\\gmail-notifications.log",
  "maxSize": "5MB",
  "backupCount": 3
}
================================================================================
[2026-01-30T13:51:20.623Z] [INFO] Initializing label cache...
================================================================================
[2026-01-30T13:51:21.000Z] [INFO] Label cache initialized
{
  "Label_7193707306231322947": "Prom",
  "Label_1820340546923319155": "Rozetka",
  "Label_2963886321590623068": "Personal"
}
================================================================================
[2026-01-30T13:51:35.027Z] [INFO] 🚀 Gmail notification logger initialized
{
  "logFile": "C:\\Users\\Роман\\Desktop\\Next projects\\geckoland-erp\\server\\logs\\gmail-notifications.log",
  "maxSize": "5MB",
  "backupCount": 3
}
================================================================================
[2026-01-30T13:51:39.288Z] [INFO] Initializing label cache...
================================================================================
[2026-01-30T13:51:39.675Z] [INFO] Label cache initialized
{
  "Label_7193707306231322947": "Prom",
  "Label_1820340546923319155": "Rozetka",
  "Label_2963886321590623068": "Personal"
}
================================================================================
[2026-01-30T13:52:06.050Z] [INFO] 🚀 Gmail notification logger initialized
{
  "logFile": "C:\\Users\\Роман\\Desktop\\Next projects\\geckoland-erp\\server\\logs\\gmail-notifications.log",
  "maxSize": "5MB",
  "backupCount": 3
}
================================================================================
[2026-01-30T13:52:10.373Z] [INFO] Initializing label cache...
================================================================================
[2026-01-30T13:52:10.810Z] [INFO] Label cache initialized
{
  "Label_7193707306231322947": "Prom",
  "Label_1820340546923319155": "Rozetka",
  "Label_2963886321590623068": "Personal"
}
================================================================================
[2026-01-30T13:54:09.458Z] [INFO] 🚀 Gmail notification logger initialized
{
  "logFile": "C:\\Users\\Роман\\Desktop\\Next projects\\geckoland-erp\\server\\logs\\gmail-notifications.log",
  "maxSize": "5MB",
  "backupCount": 3
}
================================================================================
[2026-01-30T13:54:14.254Z] [INFO] Initializing label cache...
================================================================================
[2026-01-30T13:54:14.633Z] [INFO] Label cache initialized
{
  "Label_7193707306231322947": "Prom",
  "Label_1820340546923319155": "Rozetka",
  "Label_2963886321590623068": "Personal"
}
================================================================================
[2026-01-30T13:54:55.711Z] [INFO] 🚀 Gmail notification logger initialized
{
  "logFile": "C:\\Users\\Роман\\Desktop\\Next projects\\geckoland-erp\\server\\logs\\gmail-notifications.log",
  "maxSize": "5MB",
  "backupCount": 3
}
================================================================================
[2026-01-30T13:55:12.032Z] [INFO] 🚀 Gmail notification logger initialized
{
  "logFile": "C:\\Users\\Роман\\Desktop\\Next projects\\geckoland-erp\\server\\logs\\gmail-notifications.log",
  "maxSize": "5MB",
  "backupCount": 3
}
================================================================================
[2026-01-30T13:55:16.428Z] [INFO] Initializing label cache...
================================================================================
[2026-01-30T13:55:16.810Z] [INFO] Label cache initialized
{
  "Label_7193707306231322947": "Prom",
  "Label_1820340546923319155": "Rozetka",
  "Label_2963886321590623068": "Personal"
}
================================================================================
[2026-01-30T14:37:23.602Z] [INFO] 🚀 Gmail notification logger initialized
{
  "logFile": "C:\\Users\\Роман\\Desktop\\Next projects\\geckoland-erp\\server\\logs\\gmail-notifications.log",
  "maxSize": "5MB",
  "backupCount": 3
}
================================================================================
[2026-01-30T14:37:28.498Z] [INFO] === Gmail notification webhook triggered ===
================================================================================
[2026-01-30T14:37:28.499Z] [INFO] Processing Gmail notification
================================================================================
[2026-01-30T14:37:28.500Z] [INFO] Initializing label cache...
================================================================================
[2026-01-30T14:37:28.902Z] [INFO] Label cache initialized
{
  "Label_7193707306231322947": "Prom",
  "Label_1820340546923319155": "Rozetka",
  "Label_2963886321590623068": "Personal"
}
================================================================================
[2026-01-30T14:37:29.369Z] [INFO] No relevant messages found to process
================================================================================
[2026-01-30T14:37:29.372Z] [INFO] ✅ Notification processed successfully in 874ms
================================================================================
[2026-02-02T08:02:43.254Z] [INFO] 🚀 Gmail notification logger initialized
{
  "logFile": "C:\\Users\\Роман\\Desktop\\Next projects\\geckoland-erp\\server\\logs\\gmail-notifications.log",
  "maxSize": "5MB",
  "backupCount": 3
}
================================================================================
[2026-02-02T08:02:46.818Z] [INFO] === Gmail notification webhook triggered ===
================================================================================
[2026-02-02T08:02:46.825Z] [INFO] Processing Gmail notification
================================================================================
[2026-02-02T08:02:46.827Z] [INFO] Initializing label cache...
================================================================================
[2026-02-02T08:02:47.140Z] [CRITICAL] 🚨 CRITICAL ERROR in Notification processing after 273ms
{
  "context": "Notification processing after 273ms",
  "error": "No token found. Please authorize first.",
  "stack": "Error: No token found. Please authorize first.\n    at C:\\Users\\Роман\\Desktop\\Next projects\\geckoland-erp\\server\\src\\services\\gmail\\gmailService.ts:182:9\n    at Generator.next (<anonymous>)\n    at fulfilled (C:\\Users\\Роман\\Desktop\\Next projects\\geckoland-erp\\server\\src\\services\\gmail\\gmailService.ts:5:58)"
}
================================================================================
[2026-02-02T08:02:47.181Z] [INFO] === Gmail notification webhook triggered ===
================================================================================
[2026-02-02T08:02:47.188Z] [INFO] Processing Gmail notification
================================================================================
[2026-02-02T08:02:47.191Z] [INFO] Initializing label cache...
================================================================================
[2026-02-02T08:02:47.197Z] [CRITICAL] 🚨 CRITICAL ERROR in Notification processing after 13ms
{
  "context": "Notification processing after 13ms",
  "error": "No token found. Please authorize first.",
  "stack": "Error: No token found. Please authorize first.\n    at C:\\Users\\Роман\\Desktop\\Next projects\\geckoland-erp\\server\\src\\services\\gmail\\gmailService.ts:182:9\n    at Generator.next (<anonymous>)\n    at fulfilled (C:\\Users\\Роман\\Desktop\\Next projects\\geckoland-erp\\server\\src\\services\\gmail\\gmailService.ts:5:58)"
}
================================================================================
[2026-02-02T08:02:47.248Z] [INFO] === Gmail notification webhook triggered ===
================================================================================
[2026-02-02T08:02:47.252Z] [INFO] Processing Gmail notification
================================================================================
[2026-02-02T08:02:47.254Z] [INFO] Initializing label cache...
================================================================================
[2026-02-02T08:02:47.264Z] [CRITICAL] 🚨 CRITICAL ERROR in Notification processing after 12ms
{
  "context": "Notification processing after 12ms",
  "error": "No token found. Please authorize first.",
  "stack": "Error: No token found. Please authorize first.\n    at C:\\Users\\Роман\\Desktop\\Next projects\\geckoland-erp\\server\\src\\services\\gmail\\gmailService.ts:182:9\n    at Generator.next (<anonymous>)\n    at fulfilled (C:\\Users\\Роман\\Desktop\\Next projects\\geckoland-erp\\server\\src\\services\\gmail\\gmailService.ts:5:58)"
}
================================================================================
[2026-02-02T08:02:47.288Z] [INFO] === Gmail notification webhook triggered ===
================================================================================
[2026-02-02T08:02:47.291Z] [INFO] Processing Gmail notification
================================================================================
[2026-02-02T08:02:47.294Z] [INFO] Initializing label cache...
================================================================================
[2026-02-02T08:02:47.301Z] [CRITICAL] 🚨 CRITICAL ERROR in Notification processing after 10ms
{
  "context": "Notification processing after 10ms",
  "error": "No token found. Please authorize first.",
  "stack": "Error: No token found. Please authorize first.\n    at C:\\Users\\Роман\\Desktop\\Next projects\\geckoland-erp\\server\\src\\services\\gmail\\gmailService.ts:182:9\n    at Generator.next (<anonymous>)\n    at fulfilled (C:\\Users\\Роман\\Desktop\\Next projects\\geckoland-erp\\server\\src\\services\\gmail\\gmailService.ts:5:58)"
}
================================================================================
[2026-02-02T08:02:47.482Z] [INFO] === Gmail notification webhook triggered ===
================================================================================
[2026-02-02T08:02:47.484Z] [INFO] Processing Gmail notification
================================================================================
[2026-02-02T08:02:47.486Z] [INFO] Initializing label cache...
================================================================================
[2026-02-02T08:02:47.495Z] [CRITICAL] 🚨 CRITICAL ERROR in Notification processing after 10ms
{
  "context": "Notification processing after 10ms",
  "error": "No token found. Please authorize first.",
  "stack": "Error: No token found. Please authorize first.\n    at C:\\Users\\Роман\\Desktop\\Next projects\\geckoland-erp\\server\\src\\services\\gmail\\gmailService.ts:182:9\n    at Generator.next (<anonymous>)\n    at fulfilled (C:\\Users\\Роман\\Desktop\\Next projects\\geckoland-erp\\server\\src\\services\\gmail\\gmailService.ts:5:58)"
}
================================================================================
[2026-02-02T08:02:47.650Z] [INFO] === Gmail notification webhook triggered ===
================================================================================
[2026-02-02T08:02:47.652Z] [INFO] Processing Gmail notification
================================================================================
[2026-02-02T08:02:47.654Z] [INFO] Initializing label cache...
================================================================================
[2026-02-02T08:02:47.661Z] [CRITICAL] 🚨 CRITICAL ERROR in Notification processing after 8ms
{
  "context": "Notification processing after 8ms",
  "error": "No token found. Please authorize first.",
  "stack": "Error: No token found. Please authorize first.\n    at C:\\Users\\Роман\\Desktop\\Next projects\\geckoland-erp\\server\\src\\services\\gmail\\gmailService.ts:182:9\n    at Generator.next (<anonymous>)\n    at fulfilled (C:\\Users\\Роман\\Desktop\\Next projects\\geckoland-erp\\server\\src\\services\\gmail\\gmailService.ts:5:58)"
}
================================================================================
[2026-02-02T08:13:22.934Z] [INFO] 🚀 Gmail notification logger initialized
{
  "logFile": "C:\\Users\\Роман\\Desktop\\Next projects\\geckoland-erp\\server\\logs\\gmail-notifications.log",
  "maxSize": "5MB",
  "backupCount": 3
}
================================================================================
[2026-02-02T08:13:29.151Z] [INFO] === Gmail notification webhook triggered ===
================================================================================
[2026-02-02T08:13:29.163Z] [INFO] Processing Gmail notification
================================================================================
[2026-02-02T08:13:29.166Z] [INFO] Initializing label cache...
================================================================================
[2026-02-02T08:13:29.626Z] [INFO] Label cache initialized
{
  "Label_7193707306231322947": "Prom",
  "Label_1820340546923319155": "Rozetka",
  "Label_2963886321590623068": "Personal"
}
================================================================================
[2026-02-02T08:13:30.030Z] [INFO] Found 3 unique messages to process
================================================================================
[2026-02-02T08:13:30.035Z] [DEBUG] Processing message 19c134f4fd310829
================================================================================
[2026-02-02T08:13:30.296Z] [INFO] 🔍 Processing message
{
  "messageId": "19c134f4fd310829",
  "label": "Prom"
}
================================================================================
[2026-02-02T08:13:30.303Z] [INFO] 📧 Email details
{
  "messageId": "19c134f4fd310829",
  "label": "Prom",
  "subject": "+1 замовлення 386403141 вже в кабінеті",
  "bodyPreview": " Опрацюйте його в особистому кабінеті ͏  ͏  ͏  ͏  ͏  ͏  ͏  ͏  ͏  ͏  ͏  ͏  ͏  ͏  ͏  ͏  ͏  ͏  ͏  ͏  ͏  ͏  ͏  ͏  ͏  ͏  ͏  ͏  ͏  ͏  ͏  ͏  ͏  ͏  ͏  ͏  ͏  ͏  ͏  ͏  ͏  ͏  ͏  ͏  ͏  ͏  ͏  ͏  ͏  ͏  ͏  ͏  ͏  ͏  ͏  ͏  ͏  ͏  ͏  ͏  ͏  ͏  ͏  ͏  ͏  ͏  ͏  ͏  ͏  ͏  ͏  ͏  ͏  ͏  ͏  ͏  ͏  ͏  ͏  ͏  ͏  ͏  ͏  ͏  ͏  ͏  ͏  ͏...",
  "bodyLength": 3357,
  "date": "1769850473000"
}
================================================================================
[2026-02-02T08:13:30.309Z] [INFO] 🔎 Pattern matching for Prom
{
  "pattern1": true,
  "pattern2": false,
  "bodyHasOrder": true,
  "matched": true
}
================================================================================
[2026-02-02T08:13:30.312Z] [SUCCESS] 🎯 NEW ORDER DETECTED on Prom!
{
  "marketplace": "Prom",
  "subject": "+1 замовлення 386403141 вже в кабінеті"
}
================================================================================
[2026-02-02T08:13:30.316Z] [INFO] ⚙️ Starting order processing for Prom
================================================================================
[2026-02-02T08:13:31.530Z] [INFO] 📊 Order processing completed for Prom
{
  "created": 1,
  "skipped": 0,
  "errors": 1
}
================================================================================
[2026-02-02T08:13:31.535Z] [INFO] Successfully created 1 new orders from Prom
================================================================================
[2026-02-02T08:13:31.542Z] [WARN] 1 errors occurred while processing Prom orders
================================================================================
[2026-02-02T08:13:31.842Z] [INFO] ✓ Message marked as read
{
  "messageId": "19c134f4fd310829"
}
================================================================================
[2026-02-02T08:13:31.844Z] [DEBUG] Processing message 19c1923a4d4b6a56
================================================================================
[2026-02-02T08:13:32.077Z] [INFO] 🔍 Processing message
{
  "messageId": "19c1923a4d4b6a56",
  "label": "Prom"
}
================================================================================
[2026-02-02T08:13:32.082Z] [INFO] 📧 Email details
{
  "messageId": "19c1923a4d4b6a56",
  "label": "Prom",
  "subject": "+1 замовлення 386581395 вже в кабінеті",
  "bodyPreview": " Опрацюйте його в особистому кабінеті ͏  ͏  ͏  ͏  ͏  ͏  ͏  ͏  ͏  ͏  ͏  ͏  ͏  ͏  ͏  ͏  ͏  ͏  ͏  ͏  ͏  ͏  ͏  ͏  ͏  ͏  ͏  ͏  ͏  ͏  ͏  ͏  ͏  ͏  ͏  ͏  ͏  ͏  ͏  ͏  ͏  ͏  ͏  ͏  ͏  ͏  ͏  ͏  ͏  ͏  ͏  ͏  ͏  ͏  ͏  ͏  ͏  ͏  ͏  ͏  ͏  ͏  ͏  ͏  ͏  ͏  ͏  ͏  ͏  ͏  ͏  ͏  ͏  ͏  ͏  ͏  ͏  ͏  ͏  ͏  ͏  ͏  ͏  ͏  ͏  ͏  ͏  ͏...",
  "bodyLength": 4373,
  "date": "1769948291000"
}
================================================================================
[2026-02-02T08:13:32.087Z] [INFO] 🔎 Pattern matching for Prom
{
  "pattern1": true,
  "pattern2": false,
  "bodyHasOrder": true,
  "matched": true
}
================================================================================
[2026-02-02T08:13:32.089Z] [SUCCESS] 🎯 NEW ORDER DETECTED on Prom!
{
  "marketplace": "Prom",
  "subject": "+1 замовлення 386581395 вже в кабінеті"
}
================================================================================
[2026-02-02T08:13:32.093Z] [INFO] ⚙️ Starting order processing for Prom
================================================================================
[2026-02-02T08:13:32.814Z] [INFO] 📊 Order processing completed for Prom
{
  "created": 0,
  "skipped": 1,
  "errors": 1
}
================================================================================
[2026-02-02T08:13:32.820Z] [INFO] All 1 orders from Prom were already processed
================================================================================
[2026-02-02T08:13:32.830Z] [WARN] 1 errors occurred while processing Prom orders
================================================================================
[2026-02-02T08:13:32.955Z] [INFO] === Gmail notification webhook triggered ===
================================================================================
[2026-02-02T08:13:32.965Z] [INFO] ⏳ Added notification to queue. Queue length: 1
================================================================================
[2026-02-02T08:13:33.108Z] [INFO] ✓ Message marked as read
{
  "messageId": "19c1923a4d4b6a56"
}
================================================================================
[2026-02-02T08:13:33.111Z] [DEBUG] Processing message 19c1b3d2b6db7701
================================================================================
[2026-02-02T08:13:33.326Z] [INFO] 🔍 Processing message
{
  "messageId": "19c1b3d2b6db7701",
  "label": "Rozetka"
}
================================================================================
[2026-02-02T08:13:33.329Z] [INFO] 📧 Email details
{
  "messageId": "19c1b3d2b6db7701",
  "label": "Rozetka",
  "subject": "Надійшло замовлення № 881834570",
  "bodyPreview": "Перейти (https://a1.sendingapi.com/ua/eu1_link_tracker?hash=6qcuh5d1ixo9fspj64ajintmabzbskb4jxe4hn8qyb4ti7jpzj5se8qwgk1eq6xtbjs4acpgiyzt6k4711x8j3xbbnbcuupo3grpoyyrxc463h68usz6mjw4qzf1zbh8ig31mmpm1eauu7j4cyc6wkzpck6k5x7odkt4xnpnppex88q3tbucpqs7uhybja4sk8k5cz1b9gkcxrrwggabpt51ea5bxh5yp4kh8thzacmj3xj4...",
  "bodyLength": 2034,
  "date": "1769983519000"
}
================================================================================
[2026-02-02T08:13:33.332Z] [INFO] 🔎 Pattern matching for Rozetka
{
  "pattern1": true,
  "pattern2": true,
  "matched": true
}
================================================================================
[2026-02-02T08:13:33.334Z] [SUCCESS] 🎯 NEW ORDER DETECTED on Rozetka!
{
  "marketplace": "Rozetka",
  "subject": "Надійшло замовлення № 881834570"
}
================================================================================
[2026-02-02T08:13:33.336Z] [INFO] ⚙️ Starting order processing for Rozetka
================================================================================
[2026-02-02T08:13:34.159Z] [INFO] === Gmail notification webhook triggered ===
================================================================================
[2026-02-02T08:13:34.162Z] [INFO] ⏳ Added notification to queue. Queue length: 2
================================================================================
[2026-02-02T08:13:34.820Z] [INFO] 📊 Order processing completed for Rozetka
{
  "created": 0,
  "skipped": 0,
  "errors": 1
}
================================================================================
[2026-02-02T08:13:34.824Z] [WARN] 1 errors occurred while processing Rozetka orders
================================================================================
[2026-02-02T08:13:35.107Z] [INFO] ✓ Message marked as read
{
  "messageId": "19c1b3d2b6db7701"
}
================================================================================
[2026-02-02T08:13:35.116Z] [INFO] ✅ Notification processing complete
{
  "totalMessages": 3,
  "processed": 3,
  "skipped": 0,
  "errors": 0,
  "duration": 0
}
================================================================================
[2026-02-02T08:13:35.120Z] [INFO] Processed 3 messages, skipped 0, errors 0.History ID updated to: 433760
================================================================================
[2026-02-02T08:13:35.122Z] [INFO] ✅ Notification processed successfully in 5969ms
================================================================================
[2026-02-02T08:13:35.124Z] [INFO] Processing Gmail notification
================================================================================
[2026-02-02T08:14:09.556Z] [INFO] 🚀 Gmail notification logger initialized
{
  "logFile": "C:\\Users\\Роман\\Desktop\\Next projects\\geckoland-erp\\server\\logs\\gmail-notifications.log",
  "maxSize": "5MB",
  "backupCount": 3
}
================================================================================
[2026-02-02T08:14:11.008Z] [INFO] === Gmail notification webhook triggered ===
================================================================================
[2026-02-02T08:14:11.017Z] [INFO] Processing Gmail notification
================================================================================
[2026-02-02T08:14:11.020Z] [INFO] Initializing label cache...
================================================================================
[2026-02-02T08:14:11.546Z] [INFO] Label cache initialized
{
  "Label_7193707306231322947": "Prom",
  "Label_1820340546923319155": "Rozetka",
  "Label_2963886321590623068": "Personal"
}
================================================================================
[2026-02-02T08:14:11.916Z] [INFO] No new messages found in history since last check
================================================================================
[2026-02-02T08:14:11.924Z] [INFO] ✅ Notification processed successfully in 912ms
================================================================================
[2026-02-02T08:14:14.803Z] [INFO] === Gmail notification webhook triggered ===
================================================================================
[2026-02-02T08:14:14.808Z] [INFO] Processing Gmail notification
================================================================================
[2026-02-02T08:14:15.175Z] [INFO] No new messages found in history since last check
================================================================================
[2026-02-02T08:14:15.182Z] [INFO] ✅ Notification processed successfully in 377ms
================================================================================
[2026-02-02T08:20:29.868Z] [INFO] === Gmail notification webhook triggered ===
================================================================================
[2026-02-02T08:20:29.874Z] [INFO] Processing Gmail notification
================================================================================
[2026-02-02T08:20:30.335Z] [INFO] No new messages found in history since last check
================================================================================
[2026-02-02T08:20:30.343Z] [INFO] ✅ Notification processed successfully in 471ms
================================================================================
[2026-02-02T12:13:19.836Z] [INFO] === Gmail notification webhook triggered ===
================================================================================
[2026-02-02T12:13:19.842Z] [INFO] Processing Gmail notification
================================================================================
[2026-02-02T12:13:20.359Z] [INFO] === Gmail notification webhook triggered ===
================================================================================
[2026-02-02T12:13:20.368Z] [INFO] ⏳ Added notification to queue. Queue length: 1
================================================================================
[2026-02-02T12:13:20.744Z] [INFO] Found 1 unique messages to process
================================================================================
[2026-02-02T12:13:20.749Z] [DEBUG] Processing message 19c1dba3b403e259
================================================================================
[2026-02-02T12:13:21.105Z] [INFO] 🔍 Processing message
{
  "messageId": "19c1dba3b403e259",
  "label": "Prom"
}
================================================================================
[2026-02-02T12:13:21.111Z] [INFO] 📧 Email details
{
  "messageId": "19c1dba3b403e259",
  "label": "Prom",
  "subject": "+1 замовлення 386714637 вже в кабінеті",
  "bodyPreview": " Опрацюйте його в особистому кабінеті ͏  ͏  ͏  ͏  ͏  ͏  ͏  ͏  ͏  ͏  ͏  ͏  ͏  ͏  ͏  ͏  ͏  ͏  ͏  ͏  ͏  ͏  ͏  ͏  ͏  ͏  ͏  ͏  ͏  ͏  ͏  ͏  ͏  ͏  ͏  ͏  ͏  ͏  ͏  ͏  ͏  ͏  ͏  ͏  ͏  ͏  ͏  ͏  ͏  ͏  ͏  ͏  ͏  ͏  ͏  ͏  ͏  ͏  ͏  ͏  ͏  ͏  ͏  ͏  ͏  ͏  ͏  ͏  ͏  ͏  ͏  ͏  ͏  ͏  ͏  ͏  ͏  ͏  ͏  ͏  ͏  ͏  ͏  ͏  ͏  ͏  ͏  ͏...",
  "bodyLength": 2988,
  "date": "1770025267000"
}
================================================================================
[2026-02-02T12:13:21.120Z] [INFO] 🔎 Pattern matching for Prom
{
  "pattern1": true,
  "pattern2": false,
  "bodyHasOrder": true,
  "matched": true
}
================================================================================
[2026-02-02T12:13:21.131Z] [SUCCESS] 🎯 NEW ORDER DETECTED on Prom!
{
  "marketplace": "Prom",
  "subject": "+1 замовлення 386714637 вже в кабінеті"
}
================================================================================
[2026-02-02T12:13:21.140Z] [INFO] ⚙️ Starting order processing for Prom
================================================================================
[2026-02-02T12:13:21.843Z] [INFO] 📊 Order processing completed for Prom
{
  "created": 0,
  "skipped": 0,
  "errors": 1
}
================================================================================
[2026-02-02T12:13:21.845Z] [WARN] 1 errors occurred while processing Prom orders
================================================================================
[2026-02-02T12:13:22.176Z] [INFO] ✓ Message marked as read
{
  "messageId": "19c1dba3b403e259"
}
================================================================================
[2026-02-02T12:13:22.190Z] [INFO] ✅ Notification processing complete
{
  "totalMessages": 1,
  "processed": 1,
  "skipped": 0,
  "errors": 0,
  "duration": 0
}
================================================================================
[2026-02-02T12:13:22.193Z] [INFO] Processed 1 messages, skipped 0, errors 0.History ID updated to: 434347
================================================================================
[2026-02-02T12:13:22.194Z] [INFO] ✅ Notification processed successfully in 2355ms
================================================================================
[2026-02-02T12:13:22.197Z] [INFO] Processing Gmail notification
================================================================================
[2026-02-02T12:13:22.616Z] [INFO] === Gmail notification webhook triggered ===
================================================================================
[2026-02-02T12:13:22.640Z] [INFO] ⏳ Added notification to queue. Queue length: 1
================================================================================
[2026-02-02T12:13:22.674Z] [INFO] No relevant messages found to process
================================================================================
[2026-02-02T12:13:22.727Z] [INFO] Processing Gmail notification
================================================================================
[2026-02-02T12:14:16.816Z] [INFO] 🚀 Gmail notification logger initialized
{
  "logFile": "C:\\Users\\Роман\\Desktop\\Next projects\\geckoland-erp\\server\\logs\\gmail-notifications.log",
  "maxSize": "5MB",
  "backupCount": 3
}
================================================================================
[2026-02-02T12:14:22.964Z] [INFO] === Gmail notification webhook triggered ===
================================================================================
[2026-02-02T12:14:22.972Z] [INFO] Processing Gmail notification
================================================================================
[2026-02-02T12:14:22.976Z] [INFO] Initializing label cache...
================================================================================
[2026-02-02T12:14:23.417Z] [INFO] Label cache initialized
{
  "Label_7193707306231322947": "Prom",
  "Label_1820340546923319155": "Rozetka",
  "Label_2963886321590623068": "Personal"
}
================================================================================
[2026-02-02T12:14:23.808Z] [INFO] No relevant messages found to process
================================================================================
[2026-02-02T12:14:23.826Z] [INFO] ✅ Notification processed successfully in 859ms
================================================================================
[2026-02-02T12:20:19.247Z] [INFO] 🚀 Gmail notification logger initialized
{
  "logFile": "C:\\Users\\Роман\\Desktop\\Next projects\\geckoland-erp\\server\\logs\\gmail-notifications.log",
  "maxSize": "5MB",
  "backupCount": 3
}
================================================================================
[2026-02-02T12:20:25.299Z] [INFO] === Gmail notification webhook triggered ===
================================================================================
[2026-02-02T12:20:25.303Z] [INFO] Processing Gmail notification
================================================================================
[2026-02-02T12:20:25.304Z] [INFO] Initializing label cache...
================================================================================
[2026-02-02T12:20:25.700Z] [INFO] Label cache initialized
{
  "Label_7193707306231322947": "Prom",
  "Label_1820340546923319155": "Rozetka",
  "Label_2963886321590623068": "Personal"
}
================================================================================
[2026-02-02T12:20:26.115Z] [INFO] No relevant messages found to process
================================================================================
[2026-02-02T12:20:26.123Z] [INFO] ✅ Notification processed successfully in 823ms
================================================================================
[2026-02-02T13:51:58.345Z] [INFO] === Gmail notification webhook triggered ===
================================================================================
[2026-02-02T13:51:58.354Z] [INFO] Processing Gmail notification
================================================================================
[2026-02-02T13:51:59.412Z] [INFO] Found 1 unique messages to process
================================================================================
[2026-02-02T13:51:59.416Z] [DEBUG] Processing message 19c1e9fd419b3679
================================================================================
[2026-02-02T13:51:59.651Z] [INFO] 🔍 Processing message
{
  "messageId": "19c1e9fd419b3679",
  "label": "Prom"
}
================================================================================
[2026-02-02T13:51:59.659Z] [INFO] 📧 Email details
{
  "messageId": "19c1e9fd419b3679",
  "label": "Prom",
  "subject": "+1 замовлення 386777694 вже в кабінеті",
  "bodyPreview": " Опрацюйте його в особистому кабінеті ͏  ͏  ͏  ͏  ͏  ͏  ͏  ͏  ͏  ͏  ͏  ͏  ͏  ͏  ͏  ͏  ͏  ͏  ͏  ͏  ͏  ͏  ͏  ͏  ͏  ͏  ͏  ͏  ͏  ͏  ͏  ͏  ͏  ͏  ͏  ͏  ͏  ͏  ͏  ͏  ͏  ͏  ͏  ͏  ͏  ͏  ͏  ͏  ͏  ͏  ͏  ͏  ͏  ͏  ͏  ͏  ͏  ͏  ͏  ͏  ͏  ͏  ͏  ͏  ͏  ͏  ͏  ͏  ͏  ͏  ͏  ͏  ͏  ͏  ͏  ͏  ͏  ͏  ͏  ͏  ͏  ͏  ͏  ͏  ͏  ͏  ͏  ͏...",
  "bodyLength": 2967,
  "date": "1770040315000"
}
================================================================================
[2026-02-02T13:51:59.663Z] [INFO] 🔎 Pattern matching for Prom
{
  "pattern1": true,
  "pattern2": false,
  "bodyHasOrder": true,
  "matched": true
}
================================================================================
[2026-02-02T13:51:59.665Z] [SUCCESS] 🎯 NEW ORDER DETECTED on Prom!
{
  "marketplace": "Prom",
  "subject": "+1 замовлення 386777694 вже в кабінеті"
}
================================================================================
[2026-02-02T13:51:59.673Z] [INFO] ⚙️ Starting order processing for Prom
================================================================================
[2026-02-02T13:52:00.038Z] [INFO] 📊 Order processing completed for Prom
{
  "created": 0,
  "skipped": 0,
  "errors": 0
}
================================================================================
[2026-02-02T13:52:00.326Z] [INFO] ✓ Message marked as read
{
  "messageId": "19c1e9fd419b3679"
}
================================================================================
[2026-02-02T13:52:00.333Z] [INFO] ✅ Notification processing complete
{
  "totalMessages": 1,
  "processed": 1,
  "skipped": 0,
  "errors": 0,
  "duration": 0
}
================================================================================
[2026-02-02T13:52:00.336Z] [INFO] Processed 1 messages, skipped 0, errors 0.History ID updated to: 434748
================================================================================
[2026-02-02T13:52:00.337Z] [INFO] ✅ Notification processed successfully in 1988ms
================================================================================
[2026-02-02T13:52:34.348Z] [INFO] 🚀 Gmail notification logger initialized
{
  "logFile": "C:\\Users\\Роман\\Desktop\\Next projects\\geckoland-erp\\server\\logs\\gmail-notifications.log",
  "maxSize": "5MB",
  "backupCount": 3
}
================================================================================
[2026-02-02T13:52:35.559Z] [INFO] === Gmail notification webhook triggered ===
================================================================================
[2026-02-02T13:52:35.563Z] [INFO] Processing Gmail notification
================================================================================
[2026-02-02T13:52:35.565Z] [INFO] Initializing label cache...
================================================================================
[2026-02-02T13:52:36.089Z] [INFO] Label cache initialized
{
  "Label_7193707306231322947": "Prom",
  "Label_1820340546923319155": "Rozetka",
  "Label_2963886321590623068": "Personal"
}
================================================================================
[2026-02-02T13:52:36.480Z] [INFO] No new messages found in history since last check
================================================================================
[2026-02-02T13:52:36.489Z] [INFO] ✅ Notification processed successfully in 928ms
================================================================================
[2026-02-02T13:52:39.833Z] [INFO] === Gmail notification webhook triggered ===
================================================================================
[2026-02-02T13:52:39.836Z] [INFO] Processing Gmail notification
================================================================================
[2026-02-02T13:52:40.202Z] [INFO] No new messages found in history since last check
================================================================================
[2026-02-02T13:52:40.210Z] [INFO] ✅ Notification processed successfully in 376ms
================================================================================
[2026-02-02T14:11:33.098Z] [INFO] === Gmail notification webhook triggered ===
================================================================================
[2026-02-02T14:11:33.100Z] [INFO] Processing Gmail notification
================================================================================
[2026-02-02T14:11:33.126Z] [INFO] === Gmail notification webhook triggered ===
================================================================================
[2026-02-02T14:11:33.126Z] [INFO] ⏳ Added notification to queue. Queue length: 1
================================================================================
[2026-02-02T14:11:33.605Z] [INFO] Found 1 unique messages to process
================================================================================
[2026-02-02T14:11:33.606Z] [DEBUG] Processing message 19c1eb1c0b4581f2
================================================================================
[2026-02-02T14:11:33.801Z] [INFO] 🔍 Processing message
{
  "messageId": "19c1eb1c0b4581f2",
  "label": "Personal"
}
================================================================================
[2026-02-02T14:11:33.803Z] [INFO] 📧 Email details
{
  "messageId": "19c1eb1c0b4581f2",
  "label": "Personal",
  "subject": "Нове замовлення на сайті southgeckoland.com.ua №153",
  "bodyPreview": "<html>\r\n<head>\r\n    <meta http-equiv=\"Content-Type\" content=\"text/html; charset=utf-8\">\r\n    <style>\r\n        .mobile_light a {\r\n            color: #000 !important;\r\n        }\r\n        .mobile_dark a {\r\n            color: #000 !important;\r\n        }\r\n    </style>\r\n</head>\r\n<body style=\"margin: 0; pa...",
  "bodyLength": 10183,
  "date": "1770041491000"
}
================================================================================
[2026-02-02T14:11:34.074Z] [INFO] ✓ Message marked as read
{
  "messageId": "19c1eb1c0b4581f2"
}
================================================================================
[2026-02-02T14:11:34.076Z] [INFO] ✅ Notification processing complete
{
  "totalMessages": 1,
  "processed": 1,
  "skipped": 0,
  "errors": 0,
  "duration": 0
}
================================================================================
[2026-02-02T14:11:34.077Z] [INFO] Processed 1 messages, skipped 0, errors 0.History ID updated to: 435028
================================================================================
[2026-02-02T14:11:34.077Z] [INFO] ✅ Notification processed successfully in 978ms
================================================================================
[2026-02-02T14:11:34.078Z] [INFO] Processing Gmail notification
================================================================================
[2026-02-02T14:11:34.454Z] [INFO] No new messages found in history since last check
================================================================================
[2026-02-02T14:11:44.638Z] [INFO] 🚀 Gmail notification logger initialized
{
  "logFile": "C:\\Users\\Роман\\Desktop\\Next projects\\geckoland-erp\\server\\logs\\gmail-notifications.log",
  "maxSize": "5MB",
  "backupCount": 3
}
================================================================================
[2026-02-02T14:11:45.487Z] [INFO] === Gmail notification webhook triggered ===
================================================================================
[2026-02-02T14:11:45.489Z] [INFO] Processing Gmail notification
================================================================================
[2026-02-02T14:11:45.490Z] [INFO] Initializing label cache...
================================================================================
[2026-02-02T14:11:46.067Z] [INFO] Label cache initialized
{
  "Label_7193707306231322947": "Prom",
  "Label_1820340546923319155": "Rozetka",
  "Label_2963886321590623068": "Personal"
}
================================================================================
[2026-02-02T14:11:46.536Z] [INFO] No new messages found in history since last check
================================================================================
[2026-02-02T14:11:46.539Z] [INFO] ✅ Notification processed successfully in 1052ms
================================================================================
[2026-02-02T14:11:48.794Z] [INFO] === Gmail notification webhook triggered ===
================================================================================
[2026-02-02T14:11:48.795Z] [INFO] Processing Gmail notification
================================================================================
[2026-02-02T14:11:49.238Z] [INFO] No new messages found in history since last check
================================================================================
[2026-02-02T14:11:49.242Z] [INFO] ✅ Notification processed successfully in 447ms
================================================================================
[2026-02-02T14:12:19.964Z] [INFO] === Gmail notification webhook triggered ===
================================================================================
[2026-02-02T14:12:19.965Z] [INFO] Processing Gmail notification
================================================================================
[2026-02-02T14:12:20.436Z] [INFO] No new messages found in history since last check
================================================================================
[2026-02-02T14:12:20.438Z] [INFO] ✅ Notification processed successfully in 474ms
================================================================================
[2026-02-02T14:54:22.474Z] [INFO] 🚀 Gmail notification logger initialized
{
  "logFile": "C:\\Users\\Роман\\Desktop\\Next projects\\geckoland-erp\\server\\logs\\gmail-notifications.log",
  "maxSize": "5MB",
  "backupCount": 3
}
================================================================================
[2026-02-02T14:54:27.643Z] [INFO] === Gmail notification webhook triggered ===
================================================================================
[2026-02-02T14:54:27.645Z] [INFO] Processing Gmail notification
================================================================================
[2026-02-02T14:54:27.646Z] [INFO] Initializing label cache...
================================================================================
[2026-02-02T14:54:28.023Z] [INFO] Label cache initialized
{
  "Label_7193707306231322947": "Prom",
  "Label_1820340546923319155": "Rozetka",
  "Label_2963886321590623068": "Personal"
}
================================================================================
[2026-02-02T14:54:28.413Z] [INFO] No relevant messages found to process
================================================================================
[2026-02-02T14:54:28.415Z] [INFO] ✅ Notification processed successfully in 770ms
================================================================================
[2026-02-02T14:55:52.120Z] [INFO] 🚀 Gmail notification logger initialized
{
  "logFile": "C:\\Users\\Роман\\Desktop\\Next projects\\geckoland-erp\\server\\logs\\gmail-notifications.log",
  "maxSize": "5MB",
  "backupCount": 3
}
================================================================================
[2026-02-02T14:55:56.895Z] [INFO] === Gmail notification webhook triggered ===
================================================================================
[2026-02-02T14:55:56.898Z] [INFO] Processing Gmail notification
================================================================================
[2026-02-02T14:55:56.900Z] [INFO] Initializing label cache...
================================================================================
[2026-02-02T14:55:57.328Z] [INFO] Label cache initialized
{
  "Label_7193707306231322947": "Prom",
  "Label_1820340546923319155": "Rozetka",
  "Label_2963886321590623068": "Personal"
}
================================================================================
[2026-02-02T14:55:57.711Z] [INFO] No new messages found in history since last check
================================================================================
[2026-02-02T14:55:57.718Z] [INFO] ✅ Notification processed successfully in 823ms
================================================================================
[2026-02-02T17:55:14.197Z] [INFO] 🚀 Gmail notification logger initialized
{
  "logFile": "C:\\Users\\Роман\\Desktop\\Next projects\\geckoland-erp\\server\\logs\\gmail-notifications.log",
  "maxSize": "5MB",
  "backupCount": 3
}
================================================================================
[2026-02-02T17:55:20.673Z] [INFO] === Gmail notification webhook triggered ===
================================================================================
[2026-02-02T17:55:20.681Z] [INFO] Processing Gmail notification
================================================================================
[2026-02-02T17:55:20.693Z] [INFO] Initializing label cache...
================================================================================
[2026-02-02T17:55:21.123Z] [INFO] Label cache initialized
{
  "Label_7193707306231322947": "Prom",
  "Label_1820340546923319155": "Rozetka",
  "Label_2963886321590623068": "Personal"
}
================================================================================
[2026-02-02T17:55:21.571Z] [INFO] No relevant messages found to process
================================================================================
[2026-02-02T17:55:21.579Z] [INFO] ✅ Notification processed successfully in 905ms
================================================================================
[2026-02-02T17:56:40.167Z] [INFO] 🚀 Gmail notification logger initialized
{
  "logFile": "C:\\Users\\Роман\\Desktop\\Next projects\\geckoland-erp\\server\\logs\\gmail-notifications.log",
  "maxSize": "5MB",
  "backupCount": 3
}
================================================================================
[2026-02-02T17:56:44.955Z] [INFO] === Gmail notification webhook triggered ===
================================================================================
[2026-02-02T17:56:44.958Z] [INFO] Processing Gmail notification
================================================================================
[2026-02-02T17:56:44.959Z] [INFO] Initializing label cache...
================================================================================
[2026-02-02T17:56:45.380Z] [INFO] Label cache initialized
{
  "Label_7193707306231322947": "Prom",
  "Label_1820340546923319155": "Rozetka",
  "Label_2963886321590623068": "Personal"
}
================================================================================
[2026-02-02T17:56:45.759Z] [INFO] No new messages found in history since last check
================================================================================
[2026-02-02T17:56:45.762Z] [INFO] ✅ Notification processed successfully in 806ms
================================================================================
[2026-02-02T17:57:29.369Z] [INFO] 🚀 Gmail notification logger initialized
{
  "logFile": "C:\\Users\\Роман\\Desktop\\Next projects\\geckoland-erp\\server\\logs\\gmail-notifications.log",
  "maxSize": "5MB",
  "backupCount": 3
}
================================================================================
[2026-02-02T17:57:34.131Z] [INFO] === Gmail notification webhook triggered ===
================================================================================
[2026-02-02T17:57:34.134Z] [INFO] Processing Gmail notification
================================================================================
[2026-02-02T17:57:34.135Z] [INFO] Initializing label cache...
================================================================================
[2026-02-02T17:57:34.522Z] [INFO] Label cache initialized
{
  "Label_7193707306231322947": "Prom",
  "Label_1820340546923319155": "Rozetka",
  "Label_2963886321590623068": "Personal"
}
================================================================================
[2026-02-02T17:57:34.887Z] [INFO] No new messages found in history since last check
================================================================================
[2026-02-02T17:57:34.892Z] [INFO] ✅ Notification processed successfully in 760ms
================================================================================
[2026-02-02T17:58:30.444Z] [INFO] 🚀 Gmail notification logger initialized
{
  "logFile": "C:\\Users\\Роман\\Desktop\\Next projects\\geckoland-erp\\server\\logs\\gmail-notifications.log",
  "maxSize": "5MB",
  "backupCount": 3
}
================================================================================
[2026-02-02T17:58:34.807Z] [INFO] === Gmail notification webhook triggered ===
================================================================================
[2026-02-02T17:58:34.815Z] [INFO] Processing Gmail notification
================================================================================
[2026-02-02T17:58:34.818Z] [INFO] Initializing label cache...
================================================================================
[2026-02-02T17:58:35.225Z] [INFO] Label cache initialized
{
  "Label_7193707306231322947": "Prom",
  "Label_1820340546923319155": "Rozetka",
  "Label_2963886321590623068": "Personal"
}
================================================================================
[2026-02-02T17:58:35.602Z] [INFO] No new messages found in history since last check
================================================================================
[2026-02-02T17:58:35.631Z] [INFO] ✅ Notification processed successfully in 821ms
================================================================================
[2026-02-02T18:29:40.410Z] [INFO] 🚀 Gmail notification logger initialized
{
  "logFile": "C:\\Users\\Роман\\Desktop\\Next projects\\geckoland-erp\\server\\logs\\gmail-notifications.log",
  "maxSize": "5MB",
  "backupCount": 3
}
================================================================================
[2026-02-02T18:29:45.298Z] [INFO] === Gmail notification webhook triggered ===
================================================================================
[2026-02-02T18:29:45.300Z] [INFO] Processing Gmail notification
================================================================================
[2026-02-02T18:29:45.301Z] [INFO] Initializing label cache...
================================================================================
[2026-02-02T18:29:45.691Z] [INFO] Label cache initialized
{
  "Label_7193707306231322947": "Prom",
  "Label_1820340546923319155": "Rozetka",
  "Label_2963886321590623068": "Personal"
}
================================================================================
[2026-02-02T18:29:46.092Z] [INFO] No new messages found in history since last check
================================================================================
[2026-02-02T18:29:46.097Z] [INFO] ✅ Notification processed successfully in 799ms
================================================================================
[2026-02-02T18:39:26.210Z] [INFO] 🚀 Gmail notification logger initialized
{
  "logFile": "C:\\Users\\Роман\\Desktop\\Next projects\\geckoland-erp\\server\\logs\\gmail-notifications.log",
  "maxSize": "5MB",
  "backupCount": 3
}
================================================================================
[2026-02-03T07:43:28.038Z] [INFO] 🚀 Gmail notification logger initialized
{
  "logFile": "C:\\Users\\Роман\\Desktop\\Next projects\\geckoland-erp\\server\\logs\\gmail-notifications.log",
  "maxSize": "5MB",
  "backupCount": 3
}
================================================================================
[2026-02-03T07:43:28.670Z] [INFO] === Gmail notification webhook triggered ===
================================================================================
[2026-02-03T07:43:28.673Z] [INFO] Processing Gmail notification
================================================================================
[2026-02-03T07:43:28.674Z] [INFO] Initializing label cache...
================================================================================
[2026-02-03T07:43:29.341Z] [INFO] Label cache initialized
{
  "Label_7193707306231322947": "Prom",
  "Label_1820340546923319155": "Rozetka",
  "Label_2963886321590623068": "Personal"
}
================================================================================
[2026-02-03T07:43:29.730Z] [INFO] Found 1 unique messages to process
================================================================================
[2026-02-03T07:43:29.732Z] [DEBUG] Processing message 19c1fbcc4dda33ee
================================================================================
[2026-02-03T07:43:29.962Z] [INFO] 🔍 Processing message
{
  "messageId": "19c1fbcc4dda33ee",
  "label": "Prom"
}
================================================================================
[2026-02-03T07:43:29.964Z] [INFO] 📧 Email details
{
  "messageId": "19c1fbcc4dda33ee",
  "label": "Prom",
  "subject": "+1 замовлення 386833902 вже в кабінеті",
  "bodyPreview": " Опрацюйте його в особистому кабінеті ͏  ͏  ͏  ͏  ͏  ͏  ͏  ͏  ͏  ͏  ͏  ͏  ͏  ͏  ͏  ͏  ͏  ͏  ͏  ͏  ͏  ͏  ͏  ͏  ͏  ͏  ͏  ͏  ͏  ͏  ͏  ͏  ͏  ͏  ͏  ͏  ͏  ͏  ͏  ͏  ͏  ͏  ͏  ͏  ͏  ͏  ͏  ͏  ͏  ͏  ͏  ͏  ͏  ͏  ͏  ͏  ͏  ͏  ͏  ͏  ͏  ͏  ͏  ͏  ͏  ͏  ͏  ͏  ͏  ͏  ͏  ͏  ͏  ͏  ͏  ͏  ͏  ͏  ͏  ͏  ͏  ͏  ͏  ͏  ͏  ͏  ͏  ͏...",
  "bodyLength": 3793,
  "date": "1770058990000"
}
================================================================================
[2026-02-03T07:43:29.965Z] [INFO] 🔎 Pattern matching for Prom
{
  "pattern1": true,
  "pattern2": false,
  "bodyHasOrder": true,
  "matched": true
}
================================================================================
[2026-02-03T07:43:29.966Z] [SUCCESS] 🎯 NEW ORDER DETECTED on Prom!
{
  "marketplace": "Prom",
  "subject": "+1 замовлення 386833902 вже в кабінеті"
}
================================================================================
[2026-02-03T07:43:29.968Z] [INFO] ⚙️ Starting order processing for Prom
================================================================================
[2026-02-03T07:43:30.098Z] [INFO] === Gmail notification webhook triggered ===
================================================================================
[2026-02-03T07:43:30.099Z] [INFO] ⏳ Added notification to queue. Queue length: 1
================================================================================
[2026-02-03T07:43:30.628Z] [INFO] 📊 Order processing completed for Prom
{
  "created": 1,
  "skipped": 0,
  "errors": 0
}
================================================================================
[2026-02-03T07:43:30.629Z] [INFO] Successfully created 1 new orders from Prom
================================================================================
[2026-02-03T07:43:30.898Z] [INFO] ✓ Message marked as read
{
  "messageId": "19c1fbcc4dda33ee"
}
================================================================================
[2026-02-03T07:43:30.901Z] [INFO] ✅ Notification processing complete
{
  "totalMessages": 1,
  "processed": 1,
  "skipped": 0,
  "errors": 0,
  "duration": 0
}
================================================================================
[2026-02-03T07:43:30.902Z] [INFO] Processed 1 messages, skipped 0, errors 0.History ID updated to: 435815
================================================================================
[2026-02-03T07:43:30.902Z] [INFO] ✅ Notification processed successfully in 2231ms
================================================================================
[2026-02-03T07:43:30.903Z] [INFO] Processing Gmail notification
================================================================================
[2026-02-03T07:43:30.906Z] [INFO] History ID 435744 is not newer than last 435815. Skipping.
================================================================================
[2026-02-03T07:43:45.162Z] [INFO] 🚀 Gmail notification logger initialized
{
  "logFile": "C:\\Users\\Роман\\Desktop\\Next projects\\geckoland-erp\\server\\logs\\gmail-notifications.log",
  "maxSize": "5MB",
  "backupCount": 3
}
================================================================================
[2026-02-03T07:43:49.657Z] [INFO] === Gmail notification webhook triggered ===
================================================================================
[2026-02-03T07:43:49.659Z] [INFO] Processing Gmail notification
================================================================================
[2026-02-03T07:43:49.660Z] [INFO] Initializing label cache...
================================================================================
[2026-02-03T07:43:50.023Z] [INFO] Label cache initialized
{
  "Label_7193707306231322947": "Prom",
  "Label_1820340546923319155": "Rozetka",
  "Label_2963886321590623068": "Personal"
}
================================================================================
[2026-02-03T07:43:50.388Z] [INFO] No new messages found in history since last check
================================================================================
[2026-02-03T07:43:50.391Z] [INFO] ✅ Notification processed successfully in 733ms
================================================================================
